<?xml version="1.0" encoding="UTF-8"?>
<!-- Generated by org.testng.reporters.JUnitXMLReporter -->
<testsuite ignored="1" hostname="SAGAR-PC" failures="1" tests="1" name="ChromeTest(failed)" time="5.15" errors="0" timestamp="2024-08-06T21:26:12 IST">
  <testcase classname="testPackage.NewTestNG" name="testMethodB" time="0.034">
    <failure type="java.lang.AssertionError" message="null">
      <![CDATA[java.lang.AssertionError: null
at testPackage.NewTestNG.testMethodB(NewTestNG.java:66)
at java.base/java.util.ArrayList.forEach(ArrayList.java:1511)
... Removed 29 stack frames]]>
    </failure>
  </testcase> <!-- testMethodB -->
  <testcase classname="testPackage.NewTestNG" name="testMethodA" time="0.0">
    <ignored/>
  </testcase> <!-- testMethodA -->
</testsuite> <!-- ChromeTest(failed) -->
