<?xml version="1.0" encoding="UTF-8"?>
<!-- Generated by org.testng.reporters.JUnitXMLReporter -->
<testsuite ignored="0" hostname="SAGAR-PC" failures="1" tests="2" name="FirefoxTest" time="10.465" errors="0" timestamp="2024-08-06T21:24:59 IST">
  <testcase classname="testPackage.NewTestNG" name="testMethodA" time="0.004"/>
  <testcase classname="testPackage.NewTestNG" name="testMethodB" time="0.002">
    <failure type="java.lang.AssertionError" message="null">
      <![CDATA[java.lang.AssertionError: null
at testPackage.NewTestNG.testMethodB(NewTestNG.java:66)
at java.base/java.util.ArrayList.forEach(ArrayList.java:1511)
... Removed 29 stack frames]]>
    </failure>
  </testcase> <!-- testMethodB -->
</testsuite> <!-- FirefoxTest -->
